HxW=200x200
WorkerSize = 65536, GroupSize = 64
massBuffer size = 8388608 (8MB)
largestKernelSize = 29, paddedWidth = 256, paddedHeight = 256
Convolution to 1.6 sent!

Denoising Input: 171.968140, 90.839767, 82.228439, 80.261360, 61.613323, 48.064693, 51.884598, 45.805622, 38.768944, 39.473255, 36.835938, 38.955025, 33.044811, 30.245474, 37.583519, 43.938484, 43.182125, 43.516254, 44.812172, 88.668205, 97.179558, 102.065895, 96.095551, 93.047050, 84.850098

Denoising Output: 115.833351, 108.136658, 92.232780, 76.560532, 64.421989, 56.072056, 49.947289, 45.395531, 42.038788, 39.615360, 37.747494, 36.246315, 35.280796, 35.651226, 37.756184, 40.459560, 44.169510, 50.544987, 61.748760, 76.079956, 88.329109, 94.490768, 94.914627, 91.874245, 88.509354

Before Gradient: 159.144058, 159.236801, 159.522293, 160.130936, 161.074585, 162.023911, 162.518631, 162.442139, 162.109909, 162.053787, 162.504150, 163.548645, 165.330093, 167.736694, 170.155045, 171.809464, 172.254486, 171.855530, 171.437683, 171.549286, 172.354614, 173.676880, 175.007050, 176.144394, 177.281204
After Gradient (X): 0.000000, 0.000000, 0.000000, 0.000000, 0.000000, 0.000000, 0.000000, 0.204361, 0.194176, 0.000000, 0.000000, 0.000000, 0.000000, 0.000000, 0.000000, 0.000000, 0.000000, 0.408401, 0.153122, 0.000000, 0.000000, 0.000000, 0.000000, 0.000000, 0.000000

Before Smooth (11x): 0.091675, 0.000000, 0.000000, 0.000000, 0.000000, 0.000000, 0.023903, 0.025467, 0.000000, 0.000000, 0.000000, 0.000000, 0.000000, 0.000000, 0.000000, 0.000000, 0.000000, 0.000000, 0.000000, 0.000000, 0.000000, 0.000000, 0.000000, 0.000000, 0.000000

After Smooth (11x): 0.041942, 0.032055, 0.019573, 0.010702, 0.007528, 0.008085, 0.009623, 0.009665, 0.007536, 0.004558, 0.002136, 0.000774, 0.000179, 0.000000, 0.000000, 0.000000, 0.000000, 0.000000, 0.000000, 0.000000, 0.000000, 0.000000, 0.000000, 0.000000, 0.000000

Before Smooth (11y): 0.106072, 0.045549, 0.456981, 0.879398, 0.927496, 0.690177, 0.398222, 0.133232, 0.056632, 0.020817, 0.011038, 0.015835, 0.015690, 0.018043, 0.255831, 0.278055, 0.133929, 0.030086, 0.096940, 0.267856, 0.488730, 0.524883, 0.133051, 0.000000, 0.001852

After Smooth (11y): 0.195765, 0.312864, 0.450543, 0.562508, 0.598804, 0.542153, 0.419288, 0.279207, 0.161687, 0.085382, 0.049428, 0.045639, 0.065786, 0.101037, 0.134746, 0.154476, 0.160093, 0.215107, 0.239396, 0.271328, 0.288423, 0.265527, 0.202175, 0.126188, 0.063965
Convolution to 2.5 sent!

Before Smooth (23x): 0.009504, 0.012430, 0.025027, 0.049870, 0.083669, 0.115538, 0.130629, 0.120922, 0.091412, 0.056852, 0.030694, 0.018772, 0.019968, 0.028194, 0.035310, 0.034953, 0.026992, 0.016575, 0.008876, 0.005670, 0.005441, 0.006132, 0.006051, 0.004661, 0.002796, 0.001303, 0.000468, 0.000387, 0.002031, 0.007190, 0.018534, 0.037548, 0.060822, 0.079325, 0.083785

After Smooth (23x): 0.032003, 0.038927, 0.045986, 0.052638, 0.058276, 0.062335, 0.064414, 0.064359, 0.062285, 0.058544, 0.053635, 0.048101, 0.042416, 0.036930, 0.031841, 0.027223, 0.023075, 0.019379, 0.016143, 0.013401, 0.011207, 0.009620, 0.008694, 0.008488, 0.009061, 0.010476, 0.012779, 0.015953, 0.019868, 0.024258, 0.028729, 0.032813, 0.036037, 0.038002, 0.038449

Before Smooth (23y): 0.009256, 0.011742, 0.016927, 0.024074, 0.031543, 0.038430, 0.045876, 0.055939, 0.068105, 0.077063, 0.076039, 0.062909, 0.042712, 0.023524, 0.010383, 0.003521, 0.000795, 0.000065, 0.000000, 0.000000, 0.000098, 0.000782, 0.003069, 0.008394, 0.017922

After Smooth (23y): 0.018766, 0.022025, 0.025733, 0.029740, 0.033815, 0.037659, 0.040927, 0.043276, 0.044413, 0.044150, 0.042443, 0.039410, 0.035325, 0.030576, 0.025621, 0.020921, 0.016878, 0.013806, 0.011911, 0.011292, 0.011944, 0.013772, 0.016599, 0.020172, 0.024166
Convolution to 5 sent!
Smooth 29x workerSize=524288, groupSizeX=64

Before Smooth (29x): 0.018766, 0.024095, 0.030527, 0.037894, 0.045926, 0.054260, 0.062448, 0.069980, 0.076350, 0.081121, 0.083971, 0.084725, 0.083373, 0.080076, 0.075161, 0.069091, 0.062412, 0.055698, 0.049519, 0.044445, 0.041031, 0.039763, 0.040986, 0.044847, 0.051287, 0.060057, 0.070753, 0.082863, 0.095799, 0.108926, 0.121574, 0.133060, 0.142726, 0.150017, 0.154615

After Smooth (29x): 0.033123, 0.036444, 0.040050, 0.043846, 0.047713, 0.051514, 0.055107, 0.058351, 0.061120, 0.063318, 0.064881, 0.065791, 0.066075, 0.065812, 0.065122, 0.064168, 0.063127, 0.062206, 0.061616, 0.061553, 0.062187, 0.063651, 0.066029, 0.069353, 0.073600, 0.078693, 0.084505, 0.090870, 0.097594, 0.104465, 0.111271, 0.117817, 0.123937, 0.129515, 0.134499

Before Smooth (29y): 0.040899, 0.047184, 0.058929, 0.076314, 0.099210, 0.127082, 0.158967, 0.193473, 0.228813, 0.262882, 0.293415, 0.318211, 0.335424, 0.343847, 0.343125, 0.333848, 0.317960, 0.296880, 0.273254, 0.249547, 0.227686, 0.209128, 0.194628, 0.184144, 0.177004, 0.172560, 0.170134, 0.169818, 0.168822, 0.167984, 0.166695, 0.164794, 0.162587, 0.160471, 0.158691

After Smooth (29y): 0.103585, 0.109760, 0.118712, 0.130195, 0.143827, 0.159105, 0.175434, 0.192153, 0.208572, 0.224014, 0.237854, 0.249556, 0.258708, 0.265049, 0.268470, 0.269029, 0.266926, 0.262486, 0.256128, 0.248323, 0.239563, 0.230319, 0.221020, 0.212023, 0.203603, 0.195954, 0.189189, 0.183351, 0.178429, 0.174373, 0.171107, 0.168543, 0.166593, 0.165170, 0.164198
Convolution to 7.5 sent!
Sent off transpose!

Transpose:
Row 0: 0.000141, 0.432727, 1.062672, 1.558661, 1.825422, 1.814279, 1.526929, 1.007117, 0.000695, 0.359199, 0.949624, 1.448254, 1.743682, 1.773649, 1.533595, 1.060065, 0.002954, 0.312972, 0.860764, 1.359319, 1.679634, 1.744240, 1.543301, 1.107408, 0.008517

Row 1: 0.000300, 0.579698, 1.455344, 2.127650, 2.481321, 2.457233, 2.059054, 1.347402, 0.001512, 0.506668, 1.351320, 2.024806, 2.401351, 2.412311, 2.056019, 1.386717, 0.005195, 0.473742, 1.281022, 1.946849, 2.335083, 2.367822, 2.040081, 1.401756, 0.013167


Convolutions: 0.001s

Main: 0.065s
