HxW=200x200
WorkerSize = 65536, GroupSize = 64
Convolution to 1.6 sent!

Denoising Input: 48.064697, 51.884602, 45.805626, 38.768948, 39.473259, 36.835938, 38.955029, 33.044811, 30.245474, 37.583519, 43.938484, 43.182129, 43.516254, 44.812172, 88.668205, 97.179558, 102.065895, 96.095566, 93.047058, 84.850098, 84.850098, 84.850098, 84.850098, 84.850098, 84.850098

Denoising Output: 56.072060, 49.947296, 45.395538, 42.038792, 39.615364, 37.747498, 36.246323, 35.280796, 35.651230, 37.756184, 40.459564, 44.169510, 50.544991, 61.748764, 76.079956, 88.329117, 94.490776, 94.914627, 91.874252, 88.509354, 86.174721, 85.150887, 84.850609, 84.850609, 84.850609
massBuffer size = 6291456 (6MB)
largestKernelSize = 29, paddedWidth = 256, paddedHeight = 256

Before Gradient: 159.144073, 159.236816, 159.522278, 160.130936, 161.074600, 162.023926, 162.518646, 162.442154, 162.109909, 162.053802, 162.504181, 163.548630, 165.330109, 167.736694, 170.155060, 171.809479, 172.254501, 171.855545, 171.437683, 171.549301, 172.354630, 173.676895, 175.007050, 176.144394, 177.281219
After Gradient (X): 0.000000, 0.000000, 0.000000, 0.000000, 0.000000, 0.000000, 0.000000, 0.204369, 0.194176, 0.000000, 0.000000, 0.000000, 0.000000, 0.000000, 0.000000, 0.000000, 0.000000, 0.408409, 0.153122, 0.000000, 0.000000, 0.000000, 0.000000, 0.000000, 0.000000

Before Smooth (11x): 0.000000, 0.000000, 0.000000, 0.000000, 0.000000, 0.000000, 0.000000, 0.204369, 0.194176, 0.000000, 0.000000, 0.000000, 0.000000, 0.000000, 0.000000, 0.000000, 0.000000, 0.408409, 0.153122, 0.000000, 0.000000, 0.000000, 0.000000, 0.000000, 0.000000

After Smooth (11x): 0.000000, 0.000000, 0.001436, 0.006230, 0.017199, 0.036725, 0.060759, 0.077987, 0.077717, 0.060139, 0.036116, 0.016814, 0.008928, 0.012164, 0.028776, 0.058935, 0.092941, 0.113067, 0.106313, 0.077399, 0.043694, 0.019146, 0.006515, 0.003915, 0.011370

Before Smooth (11y): 0.690176, 0.398224, 0.133233, 0.056632, 0.020817, 0.011038, 0.015835, 0.015690, 0.018043, 0.255829, 0.278056, 0.133930, 0.030087, 0.096941, 0.267854, 0.488732, 0.524884, 0.133048, 0.000000, 0.001852, 0.003563, 0.004461, 0.004791, 0.004791, 0.004791

After Smooth (11y): 0.542153, 0.419289, 0.279207, 0.161688, 0.085382, 0.049428, 0.045639, 0.065786, 0.101037, 0.134746, 0.154476, 0.160094, 0.215108, 0.239397, 0.271328, 0.288424, 0.265527, 0.202175, 0.126187, 0.063964, 0.027034, 0.010555, 0.005188, 0.004572, 0.004721
Convolution to 2.5 sent!

Before Smooth (23x): 0.034952, 0.026991, 0.016574, 0.008876, 0.005670, 0.005442, 0.006132, 0.006052, 0.004661, 0.002796, 0.001303, 0.000471, 0.000387, 0.002030, 0.007190, 0.018534, 0.037547, 0.060821, 0.079324, 0.083784, 0.072085, 0.050797, 0.029449, 0.014025, 0.005304

After Smooth (23x): 0.027223, 0.023134, 0.019497, 0.016336, 0.013654, 0.011441, 0.009664, 0.008291, 0.007363, 0.006947, 0.006975, 0.007375, 0.031926, 0.033895, 0.035957, 0.037978, 0.039747, 0.040979, 0.041353, 0.040605, 0.038593, 0.035340, 0.031145, 0.026469, 0.021691

Before Smooth (23y): 0.009257, 0.011742, 0.016928, 0.024074, 0.031543, 0.038430, 0.045876, 0.055940, 0.068105, 0.077064, 0.076041, 0.062911, 0.042714, 0.023525, 0.010384, 0.003521, 0.000795, 0.000065, 0.000000, 0.000000, 0.000098, 0.000782, 0.003069, 0.008394, 0.017921

After Smooth (23y): 0.018767, 0.022025, 0.025734, 0.029740, 0.033816, 0.037660, 0.040928, 0.043277, 0.044414, 0.044151, 0.042444, 0.039411, 0.035325, 0.030577, 0.025622, 0.020921, 0.016879, 0.013807, 0.011911, 0.011292, 0.011944, 0.013772, 0.016599, 0.020172, 0.024165
Convolution to 5 sent!

Before Smooth (29x): 0.021578, 0.018727, 0.016212, 0.014072, 0.012329, 0.010969, 0.009967, 0.009316, 0.009121, 0.009513, 0.010425, 0.011806, 0.058402, 0.061673, 0.064804, 0.067616, 0.069783, 0.070881, 0.070472, 0.068217, 0.063981, 0.057895, 0.050496, 0.042515, 0.034519

After Smooth (29x): 0.024313, 0.022422, 0.020629, 0.018991, 0.017550, 0.016481, 0.015737, 0.015347, 0.015322, 0.015660, 0.016349, 0.017375, 0.056713, 0.057708, 0.058251, 0.058301, 0.057821, 0.056782, 0.055172, 0.052995, 0.050189, 0.046931, 0.043291, 0.039370, 0.035286

Before Smooth (29y): 0.033124, 0.037481, 0.042056, 0.046530, 0.050532, 0.053679, 0.055626, 0.056115, 0.055020, 0.052363, 0.048324, 0.043215, 0.037447, 0.031475, 0.025759, 0.020726, 0.016729, 0.014035, 0.012818, 0.013157, 0.015039, 0.018365, 0.022946, 0.028496, 0.034630

After Smooth (29y): 0.039777, 0.040848, 0.041838, 0.042670, 0.043269, 0.043564, 0.043498, 0.043039, 0.042177, 0.040936, 0.039371, 0.037562, 0.035617, 0.033657, 0.031812, 0.030209, 0.028961, 0.028174, 0.027938, 0.028323, 0.029386, 0.031177, 0.033744, 0.037153, 0.041493
Convolution to 7.5 sent!
